running egg_info
creating build/maciv4/maciv4.egg-info
writing build/maciv4/maciv4.egg-info/PKG-INFO
writing dependency_links to build/maciv4/maciv4.egg-info/dependency_links.txt
writing entry points to build/maciv4/maciv4.egg-info/entry_points.txt
writing requirements to build/maciv4/maciv4.egg-info/requires.txt
writing top-level names to build/maciv4/maciv4.egg-info/top_level.txt
writing manifest file 'build/maciv4/maciv4.egg-info/SOURCES.txt'
reading manifest file 'build/maciv4/maciv4.egg-info/SOURCES.txt'
writing manifest file 'build/maciv4/maciv4.egg-info/SOURCES.txt'
running build
running build_py
creating /workspace/src/maciv4/build/maciv4/build
creating /workspace/src/maciv4/build/maciv4/build/lib
creating /workspace/src/maciv4/build/maciv4/build/lib/maciv4
copying maciv4/__init__.py -> /workspace/src/maciv4/build/maciv4/build/lib/maciv4
running install
running install_lib
creating /workspace/src/maciv4/install/maciv4/lib/python3.10/site-packages/maciv4
copying /workspace/src/maciv4/build/maciv4/build/lib/maciv4/__init__.py -> /workspace/src/maciv4/install/maciv4/lib/python3.10/site-packages/maciv4
byte-compiling /workspace/src/maciv4/install/maciv4/lib/python3.10/site-packages/maciv4/__init__.py to __init__.cpython-310.pyc
running install_data
creating /workspace/src/maciv4/install/maciv4/share/ament_index
creating /workspace/src/maciv4/install/maciv4/share/ament_index/resource_index
creating /workspace/src/maciv4/install/maciv4/share/ament_index/resource_index/packages
copying resource/maciv4 -> /workspace/src/maciv4/install/maciv4/share/ament_index/resource_index/packages
creating /workspace/src/maciv4/install/maciv4/share/maciv4/launch
copying launch/gazebo.launch.py -> /workspace/src/maciv4/install/maciv4/share/maciv4/launch
creating /workspace/src/maciv4/install/maciv4/share/maciv4/config
copying package.xml -> /workspace/src/maciv4/install/maciv4/share/maciv4
creating /workspace/src/maciv4/install/maciv4/share/maciv4/robot_description
copying robot_description/maciv4.urdf.xacro -> /workspace/src/maciv4/install/maciv4/share/maciv4/robot_description
copying robot_description/maci4.urdf -> /workspace/src/maciv4/install/maciv4/share/maciv4/robot_description
running install_egg_info
Copying build/maciv4/maciv4.egg-info to /workspace/src/maciv4/install/maciv4/lib/python3.10/site-packages/maciv4-0.0.0-py3.10.egg-info
running install_scripts
writing list of installed files to '/workspace/src/maciv4/build/maciv4/install.log'
